<?xml version="1.0" encoding="UTF-8"?>
<testng-results ignored="1" total="2" passed="1" failed="0" skipped="0">
  <reporter-output>
    <line>
      <![CDATA[database connected]]>
    </line>
    <line>
      <![CDATA[databse disconnected]]>
    </line>
  </reporter-output>
  <suite started-at="2025-09-04T09:23:42 GMT-10:00" name="Default suite" finished-at="2025-09-04T09:24:29 GMT-10:00" duration-ms="46232">
    <groups>
    </groups>
    <test started-at="2025-09-04T09:23:42 GMT-10:00" name="Default test" finished-at="2025-09-04T09:24:29 GMT-10:00" duration-ms="46232">
      <class name="com.crm.Unilever.Organization.CreateOrgainzation">
        <test-method is-config="true" signature="connectToDatabase()[pri:0, instance:com.crm.Unilever.Organization.CreateOrgainzation@7b98f307]" started-at="2025-09-04T09:23:42 GMT-10:00" name="connectToDatabase" finished-at="2025-09-04T09:23:42 GMT-10:00" duration-ms="16" status="PASS">
          <reporter-output>
            <line>
              <![CDATA[database connected]]>
            </line>
          </reporter-output>
        </test-method> <!-- connectToDatabase -->
        <test-method is-config="true" signature="launchBrowser()[pri:0, instance:com.crm.Unilever.Organization.CreateOrgainzation@7b98f307]" started-at="2025-09-04T09:23:43 GMT-10:00" name="launchBrowser" finished-at="2025-09-04T09:23:54 GMT-10:00" duration-ms="10804" status="PASS">
          <reporter-output>
          </reporter-output>
        </test-method> <!-- launchBrowser -->
        <test-method is-config="true" signature="login()[pri:0, instance:com.crm.Unilever.Organization.CreateOrgainzation@7b98f307]" started-at="2025-09-04T09:23:54 GMT-10:00" name="login" finished-at="2025-09-04T09:24:05 GMT-10:00" duration-ms="11921" status="PASS">
          <reporter-output>
          </reporter-output>
        </test-method> <!-- login -->
        <test-method signature="createOrg()[pri:0, instance:com.crm.Unilever.Organization.CreateOrgainzation@7b98f307]" started-at="2025-09-04T09:24:05 GMT-10:00" name="createOrg" finished-at="2025-09-04T09:24:27 GMT-10:00" duration-ms="21879" status="PASS">
          <reporter-output>
          </reporter-output>
        </test-method> <!-- createOrg -->
        <test-method is-config="true" signature="logoutFromVtiger()[pri:0, instance:com.crm.Unilever.Organization.CreateOrgainzation@7b98f307]" started-at="2025-09-04T09:24:27 GMT-10:00" name="logoutFromVtiger" finished-at="2025-09-04T09:24:28 GMT-10:00" duration-ms="685" status="FAIL">
          <exception class="org.openqa.selenium.NoSuchElementException">
            <message>
              <![CDATA[Unable to find element with locator By.linkText: Sign Out
For documentation on this error, please visit: https://www.selenium.dev/documentation/webdriver/troubleshooting/errors#no-such-element-exception
Build info: version: '4.34.0', revision: '707dcb4246*'
System info: os.name: 'Windows 11', os.arch: 'amd64', os.version: '10.0', java.version: '23.0.2'
Driver info: driver.version: RemoteWebDriver]]>
            </message>
            <full-stacktrace>
              <![CDATA[org.openqa.selenium.NoSuchElementException: Unable to find element with locator By.linkText: Sign Out
For documentation on this error, please visit: https://www.selenium.dev/documentation/webdriver/troubleshooting/errors#no-such-element-exception
Build info: version: '4.34.0', revision: '707dcb4246*'
System info: os.name: 'Windows 11', os.arch: 'amd64', os.version: '10.0', java.version: '23.0.2'
Driver info: driver.version: RemoteWebDriver
at org.openqa.selenium.remote.ElementLocation$ElementFinder$2.findElement(ElementLocation.java:168)
at org.openqa.selenium.remote.ElementLocation.findElement(ElementLocation.java:59)
at org.openqa.selenium.remote.RemoteWebDriver.findElement(RemoteWebDriver.java:367)
at org.openqa.selenium.remote.RemoteWebDriver.findElement(RemoteWebDriver.java:361)
at org.openqa.selenium.support.pagefactory.DefaultElementLocator.findElement(DefaultElementLocator.java:68)
at org.openqa.selenium.support.pagefactory.internal.LocatingElementHandler.invoke(LocatingElementHandler.java:38)
at jdk.proxy2/jdk.proxy2.$Proxy19.click(Unknown Source)
at ObjectRepository.HomePage.logout(HomePage.java:57)
at com.crm.Unilever.GenericLibrary.BaseClass.logoutFromVtiger(BaseClass.java:50)
at java.base/jdk.internal.reflect.DirectMethodHandleAccessor.invoke(DirectMethodHandleAccessor.java:103)
at java.base/java.lang.reflect.Method.invoke(Method.java:580)
at org.testng.internal.MethodInvocationHelper.invokeMethod(MethodInvocationHelper.java:133)
at org.testng.internal.MethodInvocationHelper.invokeMethodConsideringTimeout(MethodInvocationHelper.java:62)
at org.testng.internal.ConfigInvoker.invokeConfigurationMethod(ConfigInvoker.java:385)
at org.testng.internal.ConfigInvoker.invokeConfigurations(ConfigInvoker.java:321)
at org.testng.internal.TestInvoker.runConfigMethods(TestInvoker.java:700)
at org.testng.internal.TestInvoker.runAfterGroupsConfigurations(TestInvoker.java:676)
at org.testng.internal.TestInvoker.invokeMethod(TestInvoker.java:660)
at org.testng.internal.TestInvoker.invokeTestMethod(TestInvoker.java:173)
at org.testng.internal.MethodRunner.runInSequence(MethodRunner.java:46)
at org.testng.internal.TestInvoker$MethodInvocationAgent.invoke(TestInvoker.java:824)
at org.testng.internal.TestInvoker.invokeTestMethods(TestInvoker.java:146)
at org.testng.internal.TestMethodWorker.invokeTestMethods(TestMethodWorker.java:146)
at org.testng.internal.TestMethodWorker.run(TestMethodWorker.java:128)
at java.base/java.util.ArrayList.forEach(ArrayList.java:1597)
at org.testng.TestRunner.privateRun(TestRunner.java:794)
at org.testng.TestRunner.run(TestRunner.java:596)
at org.testng.SuiteRunner.runTest(SuiteRunner.java:377)
at org.testng.SuiteRunner.runSequentially(SuiteRunner.java:371)
at org.testng.SuiteRunner.privateRun(SuiteRunner.java:332)
at org.testng.SuiteRunner.run(SuiteRunner.java:276)
at org.testng.SuiteRunnerWorker.runSuite(SuiteRunnerWorker.java:53)
at org.testng.SuiteRunnerWorker.run(SuiteRunnerWorker.java:96)
at org.testng.TestNG.runSuitesSequentially(TestNG.java:1212)
at org.testng.TestNG.runSuitesLocally(TestNG.java:1134)
at org.testng.TestNG.runSuites(TestNG.java:1063)
at org.testng.TestNG.run(TestNG.java:1031)
at org.testng.remote.AbstractRemoteTestNG.run(AbstractRemoteTestNG.java:115)
at org.testng.remote.RemoteTestNG.initAndRun(RemoteTestNG.java:293)
at org.testng.remote.RemoteTestNG.main(RemoteTestNG.java:91)
]]>
            </full-stacktrace>
          </exception> <!-- org.openqa.selenium.NoSuchElementException -->
          <reporter-output>
          </reporter-output>
        </test-method> <!-- logoutFromVtiger -->
        <test-method is-config="true" signature="closeBrowser()[pri:0, instance:com.crm.Unilever.Organization.CreateOrgainzation@7b98f307]" started-at="2025-09-04T09:24:28 GMT-10:00" name="closeBrowser" finished-at="2025-09-04T09:24:29 GMT-10:00" duration-ms="434" status="PASS">
          <reporter-output>
          </reporter-output>
        </test-method> <!-- closeBrowser -->
        <test-method is-config="true" signature="disconnectDatabase()[pri:0, instance:com.crm.Unilever.Organization.CreateOrgainzation@7b98f307]" started-at="2025-09-04T09:24:29 GMT-10:00" name="disconnectDatabase" finished-at="2025-09-04T09:24:29 GMT-10:00" duration-ms="1" status="PASS">
          <reporter-output>
            <line>
              <![CDATA[databse disconnected]]>
            </line>
          </reporter-output>
        </test-method> <!-- disconnectDatabase -->
      </class> <!-- com.crm.Unilever.Organization.CreateOrgainzation -->
    </test> <!-- Default test -->
  </suite> <!-- Default suite -->
</testng-results>
